# JRE version: OpenJDK Runtime Environment (8.0_242-b01) (build 1.8.0_242-release-1644-b01)
# Java VM: OpenJDK 64-Bit Server VM (25.242-b01 mixed mode windows-amd64 compressed oops)
Heap:
 PSYoungGen      total 405504K, used 236653K [0x00000000d5580000, 0x00000000eff80000, 0x0000000100000000)
  eden space 374784K, 58% used [0x00000000d5580000,0x00000000e29e1e98,0x00000000ec380000)
  from space 30720K, 62% used [0x00000000ec380000,0x00000000ed639640,0x00000000ee180000)
  to   space 21504K, 0% used [0x00000000eea80000,0x00000000eea80000,0x00000000eff80000)
 ParOldGen       total 114688K, used 61762K [0x0000000080000000, 0x0000000087000000, 0x00000000d5580000)
  object space 114688K, 53% used [0x0000000080000000,0x0000000083c50bf8,0x0000000087000000)
 Metaspace       used 89749K, capacity 95470K, committed 95640K, reserved 1132544K
  class space    used 11941K, capacity 12938K, committed 12976K, reserved 1048576K
GC Heap History (10 events):
Event: 5.557 GC heap before
{Heap before GC invocations=12 (full 2):
 PSYoungGen      total 247296K, used 64761K [0x00000000d5580000, 0x00000000eae00000, 0x0000000100000000)
  eden space 232448K, 21% used [0x00000000d5580000,0x00000000d86441a0,0x00000000e3880000)
  from space 14848K, 99% used [0x00000000e3880000,0x00000000e46fa4f0,0x00000000e4700000)
  to   space 22016K, 0% used [0x00000000e9880000,0x00000000e9880000,0x00000000eae00000)
 ParOldGen       total 76800K, used 27874K [0x0000000080000000, 0x0000000084b00000, 0x00000000d5580000)
  object space 76800K, 36% used [0x0000000080000000,0x0000000081b38b88,0x0000000084b00000)
 Metaspace       used 57023K, capacity 59054K, committed 59160K, reserved 1099776K
  class space    used 7714K, capacity 8184K, committed 8240K, reserved 1048576K
Event: 5.569 GC heap after
Heap after GC invocations=12 (full 2):
 PSYoungGen      total 328192K, used 20062K [0x00000000d5580000, 0x00000000eb080000, 0x0000000100000000)
  eden space 306176K, 0% used [0x00000000d5580000,0x00000000d5580000,0x00000000e8080000)
  from space 22016K, 91% used [0x00000000e9880000,0x00000000eac17a38,0x00000000eae00000)
  to   space 24576K, 0% used [0x00000000e8080000,0x00000000e8080000,0x00000000e9880000)
 ParOldGen       total 76800K, used 27882K [0x0000000080000000, 0x0000000084b00000, 0x00000000d5580000)
  object space 76800K, 36% used [0x0000000080000000,0x0000000081b3ab88,0x0000000084b00000)
 Metaspace       used 57023K, capacity 59054K, committed 59160K, reserved 1099776K
  class space    used 7714K, capacity 8184K, committed 8240K, reserved 1048576K
}
Event: 5.569 GC heap before
{Heap before GC invocations=13 (full 3):
 PSYoungGen      total 328192K, used 20062K [0x00000000d5580000, 0x00000000eb080000, 0x0000000100000000)
  eden space 306176K, 0% used [0x00000000d5580000,0x00000000d5580000,0x00000000e8080000)
  from space 22016K, 91% used [0x00000000e9880000,0x00000000eac17a38,0x00000000eae00000)
  to   space 24576K, 0% used [0x00000000e8080000,0x00000000e8080000,0x00000000e9880000)
 ParOldGen       total 76800K, used 27882K [0x0000000080000000, 0x0000000084b00000, 0x00000000d5580000)
  object space 76800K, 36% used [0x0000000080000000,0x0000000081b3ab88,0x0000000084b00000)
 Metaspace       used 57023K, capacity 59054K, committed 59160K, reserved 1099776K
  class space    used 7714K, capacity 8184K, committed 8240K, reserved 1048576K
Event: 5.716 GC heap after
Heap after GC invocations=13 (full 3):
 PSYoungGen      total 328192K, used 0K [0x00000000d5580000, 0x00000000eb080000, 0x0000000100000000)
  eden space 306176K, 0% used [0x00000000d5580000,0x00000000d5580000,0x00000000e8080000)
  from space 22016K, 0% used [0x00000000e9880000,0x00000000e9880000,0x00000000eae00000)
  to   space 24576K, 0% used [0x00000000e8080000,0x00000000e8080000,0x00000000e9880000)
 ParOldGen       total 114688K, used 32568K [0x0000000080000000, 0x0000000087000000, 0x00000000d5580000)
  object space 114688K, 28% used [0x0000000080000000,0x0000000081fce128,0x0000000087000000)
 Metaspace       used 56983K, capacity 58922K, committed 59160K, reserved 1099776K
  class space    used 7702K, capacity 8162K, committed 8240K, reserved 1048576K
}
Event: 7.941 GC heap before
{Heap before GC invocations=14 (full 3):
 PSYoungGen      total 328192K, used 305166K [0x00000000d5580000, 0x00000000eb080000, 0x0000000100000000)
  eden space 306176K, 99% used [0x00000000d5580000,0x00000000e7f83b40,0x00000000e8080000)
  from space 22016K, 0% used [0x00000000e9880000,0x00000000e9880000,0x00000000eae00000)
  to   space 24576K, 0% used [0x00000000e8080000,0x00000000e8080000,0x00000000e9880000)
 ParOldGen       total 114688K, used 32568K [0x0000000080000000, 0x0000000087000000, 0x00000000d5580000)
  object space 114688K, 28% used [0x0000000080000000,0x0000000081fce128,0x0000000087000000)
 Metaspace       used 69401K, capacity 74180K, committed 74520K, reserved 1114112K
  class space    used 9562K, capacity 10463K, committed 10544K, reserved 1048576K
Event: 7.964 GC heap after
Heap after GC invocations=14 (full 3):
 PSYoungGen      total 330752K, used 24562K [0x00000000d5580000, 0x00000000f0900000, 0x0000000100000000)
  eden space 306176K, 0% used [0x00000000d5580000,0x00000000d5580000,0x00000000e8080000)
  from space 24576K, 99% used [0x00000000e8080000,0x00000000e987cbf8,0x00000000e9880000)
  to   space 31232K, 0% used [0x00000000eea80000,0x00000000eea80000,0x00000000f0900000)
 ParOldGen       total 114688K, used 40628K [0x0000000080000000, 0x0000000087000000, 0x00000000d5580000)
  object space 114688K, 35% used [0x0000000080000000,0x00000000827ad010,0x0000000087000000)
 Metaspace       used 69401K, capacity 74180K, committed 74520K, reserved 1114112K
  class space    used 9562K, capacity 10463K, committed 10544K, reserved 1048576K
}
Event: 10.647 GC heap before
{Heap before GC invocations=15 (full 3):
 PSYoungGen      total 330752K, used 330738K [0x00000000d5580000, 0x00000000f0900000, 0x0000000100000000)
  eden space 306176K, 100% used [0x00000000d5580000,0x00000000e8080000,0x00000000e8080000)
  from space 24576K, 99% used [0x00000000e8080000,0x00000000e987cbf8,0x00000000e9880000)
  to   space 31232K, 0% used [0x00000000eea80000,0x00000000eea80000,0x00000000f0900000)
 ParOldGen       total 114688K, used 40628K [0x0000000080000000, 0x0000000087000000, 0x00000000d5580000)
  object space 114688K, 35% used [0x0000000080000000,0x00000000827ad010,0x0000000087000000)
 Metaspace       used 76033K, capacity 80924K, committed 81176K, reserved 1120256K
  class space    used 10364K, capacity 11265K, committed 11312K, reserved 1048576K
Event: 10.666 GC heap after
Heap after GC invocations=15 (full 3):
 PSYoungGen      total 396288K, used 16479K [0x00000000d5580000, 0x00000000eff80000, 0x0000000100000000)
  eden space 374784K, 0% used [0x00000000d5580000,0x00000000d5580000,0x00000000ec380000)
  from space 21504K, 76% used [0x00000000eea80000,0x00000000efa97d58,0x00000000eff80000)
  to   space 30720K, 0% used [0x00000000ec380000,0x00000000ec380000,0x00000000ee180000)
 ParOldGen       total 114688K, used 61754K [0x0000000080000000, 0x0000000087000000, 0x00000000d5580000)
  object space 114688K, 53% used [0x0000000080000000,0x0000000083c4ebf8,0x0000000087000000)
 Metaspace       used 76033K, capacity 80924K, committed 81176K, reserved 1120256K
  class space    used 10364K, capacity 11265K, committed 11312K, reserved 1048576K
}
Event: 52.823 GC heap before
{Heap before GC invocations=16 (full 3):
 PSYoungGen      total 396288K, used 391263K [0x00000000d5580000, 0x00000000eff80000, 0x0000000100000000)
  eden space 374784K, 100% used [0x00000000d5580000,0x00000000ec380000,0x00000000ec380000)
  from space 21504K, 76% used [0x00000000eea80000,0x00000000efa97d58,0x00000000eff80000)
  to   space 30720K, 0% used [0x00000000ec380000,0x00000000ec380000,0x00000000ee180000)
 ParOldGen       total 114688K, used 61754K [0x0000000080000000, 0x0000000087000000, 0x00000000d5580000)
  object space 114688K, 53% used [0x0000000080000000,0x0000000083c4ebf8,0x0000000087000000)
 Metaspace       used 82382K, capacity 87610K, committed 87704K, reserved 1124352K
  class space    used 10957K, capacity 11886K, committed 11952K, reserved 1048576K
Event: 52.837 GC heap after
Heap after GC invocations=16 (full 3):
 PSYoungGen      total 405504K, used 19173K [0x00000000d5580000, 0x00000000eff80000, 0x0000000100000000)
  eden space 374784K, 0% used [0x00000000d5580000,0x00000000d5580000,0x00000000ec380000)
  from space 30720K, 62% used [0x00000000ec380000,0x00000000ed639640,0x00000000ee180000)
  to   space 21504K, 0% used [0x00000000eea80000,0x00000000eea80000,0x00000000eff80000)
 ParOldGen       total 114688K, used 61762K [0x0000000080000000, 0x0000000087000000, 0x00000000d5580000)
  object space 114688K, 53% used [0x0000000080000000,0x0000000083c50bf8,0x0000000087000000)
 Metaspace       used 82382K, capacity 87610K, committed 87704K, reserved 1124352K
  class space    used 10957K, capacity 11886K, committed 11952K, reserved 1048576K
}

