# JRE version: OpenJDK Runtime Environment (8.0_242-b01) (build 1.8.0_242-release-1644-b01)
# Java VM: OpenJDK 64-Bit Server VM (25.242-b01 mixed mode windows-amd64 compressed oops)
Heap:
 PSYoungGen      total 244224K, used 36642K [0x00000000d5580000, 0x00000000e5400000, 0x0000000100000000)
  eden space 230912K, 15% used [0x00000000d5580000,0x00000000d79489b0,0x00000000e3700000)
  from space 13312K, 0% used [0x00000000e4700000,0x00000000e4700000,0x00000000e5400000)
  to   space 14848K, 0% used [0x00000000e3700000,0x00000000e3700000,0x00000000e4580000)
 ParOldGen       total 53248K, used 15990K [0x0000000080000000, 0x0000000083400000, 0x00000000d5580000)
  object space 53248K, 30% used [0x0000000080000000,0x0000000080f9da98,0x0000000083400000)
 Metaspace       used 35516K, capacity 36754K, committed 37032K, reserved 1081344K
  class space    used 4884K, capacity 5184K, committed 5296K, reserved 1048576K
GC Heap History (10 events):
Event: 1.987 GC heap before
{Heap before GC invocations=6 (full 0):
 PSYoungGen      total 70656K, used 8685K [0x00000000d5580000, 0x00000000dee80000, 0x0000000100000000)
  eden space 65536K, 5% used [0x00000000d5580000,0x00000000d58ff4d8,0x00000000d9580000)
  from space 5120K, 99% used [0x00000000d9580000,0x00000000d9a7c040,0x00000000d9a80000)
  to   space 12800K, 0% used [0x00000000de200000,0x00000000de200000,0x00000000dee80000)
 ParOldGen       total 86016K, used 10715K [0x0000000080000000, 0x0000000085400000, 0x00000000d5580000)
  object space 86016K, 12% used [0x0000000080000000,0x0000000080a76d20,0x0000000085400000)
 Metaspace       used 20707K, capacity 21272K, committed 21296K, reserved 1067008K
  class space    used 2907K, capacity 3120K, committed 3120K, reserved 1048576K
Event: 1.990 GC heap after
Heap after GC invocations=6 (full 0):
 PSYoungGen      total 142848K, used 5431K [0x00000000d5580000, 0x00000000ded80000, 0x0000000100000000)
  eden space 131072K, 0% used [0x00000000d5580000,0x00000000d5580000,0x00000000dd580000)
  from space 11776K, 46% used [0x00000000de200000,0x00000000de74dff0,0x00000000ded80000)
  to   space 12288K, 0% used [0x00000000dd580000,0x00000000dd580000,0x00000000de180000)
 ParOldGen       total 86016K, used 10723K [0x0000000080000000, 0x0000000085400000, 0x00000000d5580000)
  object space 86016K, 12% used [0x0000000080000000,0x0000000080a78d20,0x0000000085400000)
 Metaspace       used 20707K, capacity 21272K, committed 21296K, reserved 1067008K
  class space    used 2907K, capacity 3120K, committed 3120K, reserved 1048576K
}
Event: 1.990 GC heap before
{Heap before GC invocations=7 (full 1):
 PSYoungGen      total 142848K, used 5431K [0x00000000d5580000, 0x00000000ded80000, 0x0000000100000000)
  eden space 131072K, 0% used [0x00000000d5580000,0x00000000d5580000,0x00000000dd580000)
  from space 11776K, 46% used [0x00000000de200000,0x00000000de74dff0,0x00000000ded80000)
  to   space 12288K, 0% used [0x00000000dd580000,0x00000000dd580000,0x00000000de180000)
 ParOldGen       total 86016K, used 10723K [0x0000000080000000, 0x0000000085400000, 0x00000000d5580000)
  object space 86016K, 12% used [0x0000000080000000,0x0000000080a78d20,0x0000000085400000)
 Metaspace       used 20707K, capacity 21272K, committed 21296K, reserved 1067008K
  class space    used 2907K, capacity 3120K, committed 3120K, reserved 1048576K
Event: 2.013 GC heap after
Heap after GC invocations=7 (full 1):
 PSYoungGen      total 142848K, used 0K [0x00000000d5580000, 0x00000000ded80000, 0x0000000100000000)
  eden space 131072K, 0% used [0x00000000d5580000,0x00000000d5580000,0x00000000dd580000)
  from space 11776K, 0% used [0x00000000de200000,0x00000000de200000,0x00000000ded80000)
  to   space 12288K, 0% used [0x00000000dd580000,0x00000000dd580000,0x00000000de180000)
 ParOldGen       total 53248K, used 7153K [0x0000000080000000, 0x0000000083400000, 0x00000000d5580000)
  object space 53248K, 13% used [0x0000000080000000,0x00000000806fc6e0,0x0000000083400000)
 Metaspace       used 20707K, capacity 21272K, committed 21296K, reserved 1067008K
  class space    used 2907K, capacity 3120K, committed 3120K, reserved 1048576K
}
Event: 2.853 GC heap before
{Heap before GC invocations=8 (full 1):
 PSYoungGen      total 142848K, used 131072K [0x00000000d5580000, 0x00000000ded80000, 0x0000000100000000)
  eden space 131072K, 100% used [0x00000000d5580000,0x00000000dd580000,0x00000000dd580000)
  from space 11776K, 0% used [0x00000000de200000,0x00000000de200000,0x00000000ded80000)
  to   space 12288K, 0% used [0x00000000dd580000,0x00000000dd580000,0x00000000de180000)
 ParOldGen       total 53248K, used 7153K [0x0000000080000000, 0x0000000083400000, 0x00000000d5580000)
  object space 53248K, 13% used [0x0000000080000000,0x00000000806fc6e0,0x0000000083400000)
 Metaspace       used 32231K, capacity 32996K, committed 33072K, reserved 1077248K
  class space    used 4401K, capacity 4613K, committed 4656K, reserved 1048576K
Event: 2.867 GC heap after
Heap after GC invocations=8 (full 1):
 PSYoungGen      total 143360K, used 12285K [0x00000000d5580000, 0x00000000e5580000, 0x0000000100000000)
  eden space 131072K, 0% used [0x00000000d5580000,0x00000000d5580000,0x00000000dd580000)
  from space 12288K, 99% used [0x00000000dd580000,0x00000000de17f558,0x00000000de180000)
  to   space 14848K, 0% used [0x00000000e4700000,0x00000000e4700000,0x00000000e5580000)
 ParOldGen       total 53248K, used 8878K [0x0000000080000000, 0x0000000083400000, 0x00000000d5580000)
  object space 53248K, 16% used [0x0000000080000000,0x00000000808ab868,0x0000000083400000)
 Metaspace       used 32231K, capacity 32996K, committed 33072K, reserved 1077248K
  class space    used 4401K, capacity 4613K, committed 4656K, reserved 1048576K
}
Event: 3.127 GC heap before
{Heap before GC invocations=9 (full 1):
 PSYoungGen      total 143360K, used 65556K [0x00000000d5580000, 0x00000000e5580000, 0x0000000100000000)
  eden space 131072K, 40% used [0x00000000d5580000,0x00000000d8985b90,0x00000000dd580000)
  from space 12288K, 99% used [0x00000000dd580000,0x00000000de17f558,0x00000000de180000)
  to   space 14848K, 0% used [0x00000000e4700000,0x00000000e4700000,0x00000000e5580000)
 ParOldGen       total 53248K, used 8878K [0x0000000080000000, 0x0000000083400000, 0x00000000d5580000)
  object space 53248K, 16% used [0x0000000080000000,0x00000000808ab868,0x0000000083400000)
 Metaspace       used 34515K, capacity 35406K, committed 35496K, reserved 1079296K
  class space    used 4735K, capacity 4974K, committed 5040K, reserved 1048576K
Event: 3.135 GC heap after
Heap after GC invocations=9 (full 1):
 PSYoungGen      total 244224K, used 9407K [0x00000000d5580000, 0x00000000e5400000, 0x0000000100000000)
  eden space 230912K, 0% used [0x00000000d5580000,0x00000000d5580000,0x00000000e3700000)
  from space 13312K, 70% used [0x00000000e4700000,0x00000000e502fc18,0x00000000e5400000)
  to   space 14848K, 0% used [0x00000000e3700000,0x00000000e3700000,0x00000000e4580000)
 ParOldGen       total 53248K, used 8886K [0x0000000080000000, 0x0000000083400000, 0x00000000d5580000)
  object space 53248K, 16% used [0x0000000080000000,0x00000000808ad868,0x0000000083400000)
 Metaspace       used 34515K, capacity 35406K, committed 35496K, reserved 1079296K
  class space    used 4735K, capacity 4974K, committed 5040K, reserved 1048576K
}
Event: 3.135 GC heap before
{Heap before GC invocations=10 (full 2):
 PSYoungGen      total 244224K, used 9407K [0x00000000d5580000, 0x00000000e5400000, 0x0000000100000000)
  eden space 230912K, 0% used [0x00000000d5580000,0x00000000d5580000,0x00000000e3700000)
  from space 13312K, 70% used [0x00000000e4700000,0x00000000e502fc18,0x00000000e5400000)
  to   space 14848K, 0% used [0x00000000e3700000,0x00000000e3700000,0x00000000e4580000)
 ParOldGen       total 53248K, used 8886K [0x0000000080000000, 0x0000000083400000, 0x00000000d5580000)
  object space 53248K, 16% used [0x0000000080000000,0x00000000808ad868,0x0000000083400000)
 Metaspace       used 34515K, capacity 35406K, committed 35496K, reserved 1079296K
  class space    used 4735K, capacity 4974K, committed 5040K, reserved 1048576K
Event: 3.168 GC heap after
Heap after GC invocations=10 (full 2):
 PSYoungGen      total 244224K, used 0K [0x00000000d5580000, 0x00000000e5400000, 0x0000000100000000)
  eden space 230912K, 0% used [0x00000000d5580000,0x00000000d5580000,0x00000000e3700000)
  from space 13312K, 0% used [0x00000000e4700000,0x00000000e4700000,0x00000000e5400000)
  to   space 14848K, 0% used [0x00000000e3700000,0x00000000e3700000,0x00000000e4580000)
 ParOldGen       total 53248K, used 15990K [0x0000000080000000, 0x0000000083400000, 0x00000000d5580000)
  object space 53248K, 30% used [0x0000000080000000,0x0000000080f9da98,0x0000000083400000)
 Metaspace       used 34515K, capacity 35406K, committed 35496K, reserved 1079296K
  class space    used 4735K, capacity 4974K, committed 5040K, reserved 1048576K
}

