# JRE version: OpenJDK Runtime Environment (8.0_242-b01) (build 1.8.0_242-release-1644-b01)
# Java VM: OpenJDK 64-Bit Server VM (25.242-b01 mixed mode windows-amd64 compressed oops)
Heap:
 PSYoungGen      total 142848K, used 8189K [0x00000000d5580000, 0x00000000ded80000, 0x0000000100000000)
  eden space 131072K, 6% used [0x00000000d5580000,0x00000000d5d7f590,0x00000000dd580000)
  from space 11776K, 0% used [0x00000000de200000,0x00000000de200000,0x00000000ded80000)
  to   space 12288K, 0% used [0x00000000dd580000,0x00000000dd580000,0x00000000de180000)
 ParOldGen       total 53248K, used 16091K [0x0000000080000000, 0x0000000083400000, 0x00000000d5580000)
  object space 53248K, 30% used [0x0000000080000000,0x0000000080fb6e80,0x0000000083400000)
 Metaspace       used 34726K, capacity 35626K, committed 35752K, reserved 1079296K
  class space    used 4758K, capacity 4976K, committed 5040K, reserved 1048576K
GC Heap History (10 events):
Event: 1.980 GC heap before
{Heap before GC invocations=6 (full 0):
 PSYoungGen      total 70656K, used 7820K [0x00000000d5580000, 0x00000000dee80000, 0x0000000100000000)
  eden space 65536K, 4% used [0x00000000d5580000,0x00000000d5826250,0x00000000d9580000)
  from space 5120K, 99% used [0x00000000d9580000,0x00000000d9a7d040,0x00000000d9a80000)
  to   space 12800K, 0% used [0x00000000de200000,0x00000000de200000,0x00000000dee80000)
 ParOldGen       total 86016K, used 10724K [0x0000000080000000, 0x0000000085400000, 0x00000000d5580000)
  object space 86016K, 12% used [0x0000000080000000,0x0000000080a79308,0x0000000085400000)
 Metaspace       used 20612K, capacity 21236K, committed 21296K, reserved 1067008K
  class space    used 2890K, capacity 3088K, committed 3120K, reserved 1048576K
Event: 1.985 GC heap after
Heap after GC invocations=6 (full 0):
 PSYoungGen      total 142848K, used 5312K [0x00000000d5580000, 0x00000000ded80000, 0x0000000100000000)
  eden space 131072K, 0% used [0x00000000d5580000,0x00000000d5580000,0x00000000dd580000)
  from space 11776K, 45% used [0x00000000de200000,0x00000000de730030,0x00000000ded80000)
  to   space 12288K, 0% used [0x00000000dd580000,0x00000000dd580000,0x00000000de180000)
 ParOldGen       total 86016K, used 10732K [0x0000000080000000, 0x0000000085400000, 0x00000000d5580000)
  object space 86016K, 12% used [0x0000000080000000,0x0000000080a7b308,0x0000000085400000)
 Metaspace       used 20612K, capacity 21236K, committed 21296K, reserved 1067008K
  class space    used 2890K, capacity 3088K, committed 3120K, reserved 1048576K
}
Event: 1.985 GC heap before
{Heap before GC invocations=7 (full 1):
 PSYoungGen      total 142848K, used 5312K [0x00000000d5580000, 0x00000000ded80000, 0x0000000100000000)
  eden space 131072K, 0% used [0x00000000d5580000,0x00000000d5580000,0x00000000dd580000)
  from space 11776K, 45% used [0x00000000de200000,0x00000000de730030,0x00000000ded80000)
  to   space 12288K, 0% used [0x00000000dd580000,0x00000000dd580000,0x00000000de180000)
 ParOldGen       total 86016K, used 10732K [0x0000000080000000, 0x0000000085400000, 0x00000000d5580000)
  object space 86016K, 12% used [0x0000000080000000,0x0000000080a7b308,0x0000000085400000)
 Metaspace       used 20612K, capacity 21236K, committed 21296K, reserved 1067008K
  class space    used 2890K, capacity 3088K, committed 3120K, reserved 1048576K
Event: 2.020 GC heap after
Heap after GC invocations=7 (full 1):
 PSYoungGen      total 142848K, used 0K [0x00000000d5580000, 0x00000000ded80000, 0x0000000100000000)
  eden space 131072K, 0% used [0x00000000d5580000,0x00000000d5580000,0x00000000dd580000)
  from space 11776K, 0% used [0x00000000de200000,0x00000000de200000,0x00000000ded80000)
  to   space 12288K, 0% used [0x00000000dd580000,0x00000000dd580000,0x00000000de180000)
 ParOldGen       total 53248K, used 7032K [0x0000000080000000, 0x0000000083400000, 0x00000000d5580000)
  object space 53248K, 13% used [0x0000000080000000,0x00000000806de390,0x0000000083400000)
 Metaspace       used 20612K, capacity 21236K, committed 21296K, reserved 1067008K
  class space    used 2890K, capacity 3088K, committed 3120K, reserved 1048576K
}
Event: 2.857 GC heap before
{Heap before GC invocations=8 (full 1):
 PSYoungGen      total 142848K, used 131072K [0x00000000d5580000, 0x00000000ded80000, 0x0000000100000000)
  eden space 131072K, 100% used [0x00000000d5580000,0x00000000dd580000,0x00000000dd580000)
  from space 11776K, 0% used [0x00000000de200000,0x00000000de200000,0x00000000ded80000)
  to   space 12288K, 0% used [0x00000000dd580000,0x00000000dd580000,0x00000000de180000)
 ParOldGen       total 53248K, used 7032K [0x0000000080000000, 0x0000000083400000, 0x00000000d5580000)
  object space 53248K, 13% used [0x0000000080000000,0x00000000806de390,0x0000000083400000)
 Metaspace       used 32125K, capacity 32932K, committed 33072K, reserved 1077248K
  class space    used 4377K, capacity 4613K, committed 4656K, reserved 1048576K
Event: 2.872 GC heap after
Heap after GC invocations=8 (full 1):
 PSYoungGen      total 143360K, used 12284K [0x00000000d5580000, 0x00000000ded80000, 0x0000000100000000)
  eden space 131072K, 0% used [0x00000000d5580000,0x00000000d5580000,0x00000000dd580000)
  from space 12288K, 99% used [0x00000000dd580000,0x00000000de17f0d0,0x00000000de180000)
  to   space 11776K, 0% used [0x00000000de200000,0x00000000de200000,0x00000000ded80000)
 ParOldGen       total 53248K, used 8523K [0x0000000080000000, 0x0000000083400000, 0x00000000d5580000)
  object space 53248K, 16% used [0x0000000080000000,0x0000000080852ed8,0x0000000083400000)
 Metaspace       used 32125K, capacity 32932K, committed 33072K, reserved 1077248K
  class space    used 4377K, capacity 4613K, committed 4656K, reserved 1048576K
}
Event: 3.214 GC heap before
{Heap before GC invocations=9 (full 1):
 PSYoungGen      total 143360K, used 64702K [0x00000000d5580000, 0x00000000ded80000, 0x0000000100000000)
  eden space 131072K, 39% used [0x00000000d5580000,0x00000000d88b0848,0x00000000dd580000)
  from space 12288K, 99% used [0x00000000dd580000,0x00000000de17f0d0,0x00000000de180000)
  to   space 11776K, 0% used [0x00000000de200000,0x00000000de200000,0x00000000ded80000)
 ParOldGen       total 53248K, used 8523K [0x0000000080000000, 0x0000000083400000, 0x00000000d5580000)
  object space 53248K, 16% used [0x0000000080000000,0x0000000080852ed8,0x0000000083400000)
 Metaspace       used 34518K, capacity 35410K, committed 35496K, reserved 1079296K
  class space    used 4735K, capacity 4974K, committed 5040K, reserved 1048576K
Event: 3.226 GC heap after
Heap after GC invocations=9 (full 1):
 PSYoungGen      total 142848K, used 9546K [0x00000000d5580000, 0x00000000ded80000, 0x0000000100000000)
  eden space 131072K, 0% used [0x00000000d5580000,0x00000000d5580000,0x00000000dd580000)
  from space 11776K, 81% used [0x00000000de200000,0x00000000deb52bd8,0x00000000ded80000)
  to   space 12288K, 0% used [0x00000000dd580000,0x00000000dd580000,0x00000000de180000)
 ParOldGen       total 53248K, used 8531K [0x0000000080000000, 0x0000000083400000, 0x00000000d5580000)
  object space 53248K, 16% used [0x0000000080000000,0x0000000080854ed8,0x0000000083400000)
 Metaspace       used 34518K, capacity 35410K, committed 35496K, reserved 1079296K
  class space    used 4735K, capacity 4974K, committed 5040K, reserved 1048576K
}
Event: 3.226 GC heap before
{Heap before GC invocations=10 (full 2):
 PSYoungGen      total 142848K, used 9546K [0x00000000d5580000, 0x00000000ded80000, 0x0000000100000000)
  eden space 131072K, 0% used [0x00000000d5580000,0x00000000d5580000,0x00000000dd580000)
  from space 11776K, 81% used [0x00000000de200000,0x00000000deb52bd8,0x00000000ded80000)
  to   space 12288K, 0% used [0x00000000dd580000,0x00000000dd580000,0x00000000de180000)
 ParOldGen       total 53248K, used 8531K [0x0000000080000000, 0x0000000083400000, 0x00000000d5580000)
  object space 53248K, 16% used [0x0000000080000000,0x0000000080854ed8,0x0000000083400000)
 Metaspace       used 34518K, capacity 35410K, committed 35496K, reserved 1079296K
  class space    used 4735K, capacity 4974K, committed 5040K, reserved 1048576K
Event: 3.265 GC heap after
Heap after GC invocations=10 (full 2):
 PSYoungGen      total 142848K, used 0K [0x00000000d5580000, 0x00000000ded80000, 0x0000000100000000)
  eden space 131072K, 0% used [0x00000000d5580000,0x00000000d5580000,0x00000000dd580000)
  from space 11776K, 0% used [0x00000000de200000,0x00000000de200000,0x00000000ded80000)
  to   space 12288K, 0% used [0x00000000dd580000,0x00000000dd580000,0x00000000de180000)
 ParOldGen       total 53248K, used 16091K [0x0000000080000000, 0x0000000083400000, 0x00000000d5580000)
  object space 53248K, 30% used [0x0000000080000000,0x0000000080fb6e80,0x0000000083400000)
 Metaspace       used 34518K, capacity 35410K, committed 35496K, reserved 1079296K
  class space    used 4735K, capacity 4974K, committed 5040K, reserved 1048576K
}

